<?xml version="1.0" encoding="UTF-8"?>
<testsuite name="Login"
           tests="1"
           failures="1"
           errors="0"
           skipped="0"
           time="11.004">
  <properties />
            <testcase name="testApp" time="11.004" classname="com.jc.cluz.testcases.LogingAppTest">
                <failure type="java.lang.ClassCastException"
                  message="org.openqa.selenium.remote.RemoteWebDriver cannot be cast to org.openqa.selenium.interactions.HasTouchScreen"
              >
<![CDATA[java.lang.ClassCastException: org.openqa.selenium.remote.RemoteWebDriver cannot be cast to org.openqa.selenium.interactions.HasTouchScreen
  org.openqa.selenium.interactions.touch.TouchActions.<init>(TouchActions.java:38)
  com.jc.cluz.driver.appium.impl.AppiumActionsImpl.swipeToUp(AppiumActionsImpl.java:169)
  com.jc.cluz.appuiobject.impl.LoginAppImpl.firstPage(LoginAppImpl.java:42)
  com.jc.cluz.service.impl.LoginServiceImpl.firstPage(LoginServiceImpl.java:57)
  com.jc.cluz.testcases.LogingAppTest.testApp(LogingAppTest.java:28)
  sun.reflect.NativeMethodAccessorImpl.invoke0(Native Method)
  sun.reflect.NativeMethodAccessorImpl.invoke(NativeMethodAccessorImpl.java:62)
  sun.reflect.DelegatingMethodAccessorImpl.invoke(DelegatingMethodAccessorImpl.java:43)
  java.lang.reflect.Method.invoke(Method.java:498)
  org.testng.internal.MethodInvocationHelper.invokeMethod(MethodInvocationHelper.java:80)
  org.testng.internal.MethodInvocationHelper$1.runTestMethod(MethodInvocationHelper.java:182)
  org.springframework.test.context.testng.AbstractTestNGSpringContextTests.run(AbstractTestNGSpringContextTests.java:180)
  sun.reflect.NativeMethodAccessorImpl.invoke0(Native Method)
  sun.reflect.NativeMethodAccessorImpl.invoke(NativeMethodAccessorImpl.java:62)
  sun.reflect.DelegatingMethodAccessorImpl.invoke(DelegatingMethodAccessorImpl.java:43)
  java.lang.reflect.Method.invoke(Method.java:498)
  org.testng.internal.MethodInvocationHelper.invokeHookable(MethodInvocationHelper.java:194)
  org.testng.internal.Invoker.invokeMethod(Invoker.java:707)
  org.testng.internal.Invoker.invokeTestMethod(Invoker.java:901)
  org.testng.internal.Invoker.invokeTestMethods(Invoker.java:1231)
  org.testng.internal.TestMethodWorker.invokeTestMethods(TestMethodWorker.java:127)
  org.testng.internal.TestMethodWorker.run(TestMethodWorker.java:111)
  java.util.concurrent.ThreadPoolExecutor.runWorker(ThreadPoolExecutor.java:1142)
  java.util.concurrent.ThreadPoolExecutor$Worker.run(ThreadPoolExecutor.java:617)
  java.lang.Thread.run(Thread.java:745)
]]>
      </failure>

          </testcase>
  
  
  
</testsuite>
